kotlin version: 2.2.10
error message: org.jetbrains.kotlin.util.FileAnalysisException: While analysing /Users/morteza/AndroidStudioProjects/gitcontrolkit/contactSupport/contactsupportkit/src/main/java/com/sepanta/controlkit/contactsupportkit/view/viewModel/ContactSupportViewModel.kt:119:25: org.jetbrains.kotlin.utils.exceptions.KotlinIllegalArgumentExceptionWithAttachments: Exception in expression checkers
	at org.jetbrains.kotlin.util.AnalysisExceptionsKt.wrapIntoFileAnalysisExceptionIfNeeded(AnalysisExceptions.kt:57)
	at org.jetbrains.kotlin.fir.FirCliExceptionHandler.handleExceptionOnFileAnalysis(Utils.kt:257)
	at org.jetbrains.kotlin.fir.pipeline.AnalyseKt.runCheckers(analyse.kt:68)
	at org.jetbrains.kotlin.fir.pipeline.FirUtilsKt.resolveAndCheckFir(firUtils.kt:77)
	at org.jetbrains.kotlin.cli.pipeline.jvm.JvmFrontendPipelinePhase.executePhase(JvmFrontendPipelinePhase.kt:174)
	at org.jetbrains.kotlin.cli.pipeline.jvm.JvmFrontendPipelinePhase.executePhase(JvmFrontendPipelinePhase.kt:56)
	at org.jetbrains.kotlin.cli.pipeline.PipelinePhase.phaseBody(PipelinePhase.kt:68)
	at org.jetbrains.kotlin.cli.pipeline.PipelinePhase.phaseBody(PipelinePhase.kt:58)
	at org.jetbrains.kotlin.config.phaser.NamedCompilerPhase.invoke(CompilerPhase.kt:102)
	at org.jetbrains.kotlin.backend.common.phaser.CompositePhase.invoke(PhaseBuilders.kt:22)
	at org.jetbrains.kotlin.config.phaser.CompilerPhaseKt.invokeToplevel(CompilerPhase.kt:53)
	at org.jetbrains.kotlin.cli.pipeline.AbstractCliPipeline.runPhasedPipeline(AbstractCliPipeline.kt:109)
	at org.jetbrains.kotlin.cli.pipeline.AbstractCliPipeline.execute(AbstractCliPipeline.kt:68)
	at org.jetbrains.kotlin.cli.jvm.K2JVMCompiler.doExecutePhased(K2JVMCompiler.kt:78)
	at org.jetbrains.kotlin.cli.jvm.K2JVMCompiler.doExecutePhased(K2JVMCompiler.kt:44)
	at org.jetbrains.kotlin.cli.common.CLICompiler.execImpl(CLICompiler.kt:90)
	at org.jetbrains.kotlin.cli.common.CLICompiler.exec(CLICompiler.kt:352)
	at org.jetbrains.kotlin.incremental.IncrementalJvmCompilerRunnerBase.runCompiler(IncrementalJvmCompilerRunnerBase.kt:175)
	at org.jetbrains.kotlin.incremental.IncrementalJvmCompilerRunnerBase.runCompiler(IncrementalJvmCompilerRunnerBase.kt:38)
	at org.jetbrains.kotlin.incremental.IncrementalCompilerRunner.doCompile(IncrementalCompilerRunner.kt:504)
	at org.jetbrains.kotlin.incremental.IncrementalCompilerRunner.compileImpl(IncrementalCompilerRunner.kt:421)
	at org.jetbrains.kotlin.incremental.IncrementalCompilerRunner.tryCompileIncrementally$lambda$10$compile(IncrementalCompilerRunner.kt:254)
	at org.jetbrains.kotlin.incremental.IncrementalCompilerRunner.tryCompileIncrementally(IncrementalCompilerRunner.kt:272)
	at org.jetbrains.kotlin.incremental.IncrementalCompilerRunner.compile(IncrementalCompilerRunner.kt:124)
	at org.jetbrains.kotlin.daemon.CompileServiceImplBase.execIncrementalCompiler(CompileServiceImpl.kt:679)
	at org.jetbrains.kotlin.daemon.CompileServiceImplBase.access$execIncrementalCompiler(CompileServiceImpl.kt:93)
	at org.jetbrains.kotlin.daemon.CompileServiceImpl.compile(CompileServiceImpl.kt:1806)
	at java.base/jdk.internal.reflect.DirectMethodHandleAccessor.invoke(Unknown Source)
	at java.base/java.lang.reflect.Method.invoke(Unknown Source)
	at java.rmi/sun.rmi.server.UnicastServerRef.dispatch(Unknown Source)
	at java.rmi/sun.rmi.transport.Transport$1.run(Unknown Source)
	at java.rmi/sun.rmi.transport.Transport$1.run(Unknown Source)
	at java.base/java.security.AccessController.doPrivileged(Unknown Source)
	at java.rmi/sun.rmi.transport.Transport.serviceCall(Unknown Source)
	at java.rmi/sun.rmi.transport.tcp.TCPTransport.handleMessages(Unknown Source)
	at java.rmi/sun.rmi.transport.tcp.TCPTransport$ConnectionHandler.run0(Unknown Source)
	at java.rmi/sun.rmi.transport.tcp.TCPTransport$ConnectionHandler.lambda$run$0(Unknown Source)
	at java.base/java.security.AccessController.doPrivileged(Unknown Source)
	at java.rmi/sun.rmi.transport.tcp.TCPTransport$ConnectionHandler.run(Unknown Source)
	at java.base/java.util.concurrent.ThreadPoolExecutor.runWorker(Unknown Source)
	at java.base/java.util.concurrent.ThreadPoolExecutor$Worker.run(Unknown Source)
	at java.base/java.lang.Thread.run(Unknown Source)
Caused by: org.jetbrains.kotlin.utils.exceptions.KotlinIllegalArgumentExceptionWithAttachments: Exception in expression checkers
	at org.jetbrains.kotlin.fir.analysis.checkers.expression.ExpressionCheckersDiagnosticComponent.visitTypeOperatorCall(ExpressionCheckersDiagnosticComponent.kt:841)
	at org.jetbrains.kotlin.fir.analysis.checkers.expression.ExpressionCheckersDiagnosticComponent.visitTypeOperatorCall(ExpressionCheckersDiagnosticComponent.kt:25)
	at org.jetbrains.kotlin.fir.expressions.FirTypeOperatorCall.accept(FirTypeOperatorCall.kt:32)
	at org.jetbrains.kotlin.fir.analysis.collectors.CheckerRunningDiagnosticCollectorVisitor.checkElement(CheckerRunningDiagnosticCollectorVisitor.kt:24)
	at org.jetbrains.kotlin.fir.analysis.collectors.AbstractDiagnosticCollectorVisitor.visitElement(AbstractDiagnosticCollectorVisitor.kt:48)
	at org.jetbrains.kotlin.fir.analysis.collectors.AbstractDiagnosticCollectorVisitor.visitElement(AbstractDiagnosticCollectorVisitor.kt:30)
	at org.jetbrains.kotlin.fir.visitors.FirVisitor.visitTypeOperatorCall(FirVisitor.kt:162)
	at org.jetbrains.kotlin.fir.expressions.FirTypeOperatorCall.accept(FirTypeOperatorCall.kt:32)
	at org.jetbrains.kotlin.fir.expressions.impl.FirRegularWhenBranch.acceptChildren(FirRegularWhenBranch.kt:29)
	at org.jetbrains.kotlin.fir.analysis.collectors.AbstractDiagnosticCollectorVisitor.visitNestedElements(AbstractDiagnosticCollectorVisitor.kt:38)
	at org.jetbrains.kotlin.fir.analysis.collectors.AbstractDiagnosticCollectorVisitor.visitElement(AbstractDiagnosticCollectorVisitor.kt:53)
	at org.jetbrains.kotlin.fir.analysis.collectors.AbstractDiagnosticCollectorVisitor.visitElement(AbstractDiagnosticCollectorVisitor.kt:30)
	at org.jetbrains.kotlin.fir.visitors.FirVisitor.visitWhenBranch(FirVisitor.kt:174)
	at org.jetbrains.kotlin.fir.expressions.FirWhenBranch.accept(FirWhenBranch.kt:27)
	at org.jetbrains.kotlin.fir.expressions.impl.FirWhenExpressionImpl.acceptChildren(FirWhenExpressionImpl.kt:41)
	at org.jetbrains.kotlin.fir.analysis.collectors.AbstractDiagnosticCollectorVisitor.visitNestedElements(AbstractDiagnosticCollectorVisitor.kt:38)
	at org.jetbrains.kotlin.fir.analysis.collectors.AbstractDiagnosticCollectorVisitor.visitElement(AbstractDiagnosticCollectorVisitor.kt:49)
	at org.jetbrains.kotlin.fir.analysis.collectors.AbstractDiagnosticCollectorVisitor.visitElement(AbstractDiagnosticCollectorVisitor.kt:30)
	at org.jetbrains.kotlin.fir.visitors.FirVisitor.visitWhenExpression(FirVisitor.kt:459)
	at org.jetbrains.kotlin.fir.expressions.FirWhenExpression.accept(FirWhenExpression.kt:34)
	at org.jetbrains.kotlin.fir.expressions.impl.FirBlockImpl.acceptChildren(FirBlockImpl.kt:37)
	at org.jetbrains.kotlin.fir.analysis.collectors.AbstractDiagnosticCollectorVisitor.visitNestedElements(AbstractDiagnosticCollectorVisitor.kt:38)
	at org.jetbrains.kotlin.fir.analysis.collectors.AbstractDiagnosticCollectorVisitor.visitAnnotationContainer(AbstractDiagnosticCollectorVisitor.kt:61)
	at org.jetbrains.kotlin.fir.analysis.collectors.AbstractDiagnosticCollectorVisitor.visitAnnotationContainer(AbstractDiagnosticCollectorVisitor.kt:30)
	at org.jetbrains.kotlin.fir.visitors.FirDefaultVisitor.visitStatement(FirDefaultVisitor.kt:30)
	at org.jetbrains.kotlin.fir.visitors.FirDefaultVisitor.visitExpression(FirDefaultVisitor.kt:33)
	at org.jetbrains.kotlin.fir.analysis.collectors.AbstractDiagnosticCollectorVisitor.visitBlock(AbstractDiagnosticCollectorVisitor.kt:197)
	at org.jetbrains.kotlin.fir.analysis.collectors.AbstractDiagnosticCollectorVisitor.visitBlock(AbstractDiagnosticCollectorVisitor.kt:30)
	at org.jetbrains.kotlin.fir.expressions.FirBlock.accept(FirBlock.kt:29)
	at org.jetbrains.kotlin.fir.expressions.impl.FirRegularWhenBranch.acceptChildren(FirRegularWhenBranch.kt:30)
	at org.jetbrains.kotlin.fir.analysis.collectors.AbstractDiagnosticCollectorVisitor.visitNestedElements(AbstractDiagnosticCollectorVisitor.kt:38)
	at org.jetbrains.kotlin.fir.analysis.collectors.AbstractDiagnosticCollectorVisitor.visitElement(AbstractDiagnosticCollectorVisitor.kt:53)
	at org.jetbrains.kotlin.fir.analysis.collectors.AbstractDiagnosticCollectorVisitor.visitElement(AbstractDiagnosticCollectorVisitor.kt:30)
	at org.jetbrains.kotlin.fir.visitors.FirVisitor.visitWhenBranch(FirVisitor.kt:174)
	at org.jetbrains.kotlin.fir.expressions.FirWhenBranch.accept(FirWhenBranch.kt:27)
	at org.jetbrains.kotlin.fir.expressions.impl.FirWhenExpressionImpl.acceptChildren(FirWhenExpressionImpl.kt:41)
	at org.jetbrains.kotlin.fir.analysis.collectors.AbstractDiagnosticCollectorVisitor.visitNestedElements(AbstractDiagnosticCollectorVisitor.kt:38)
	at org.jetbrains.kotlin.fir.analysis.collectors.AbstractDiagnosticCollectorVisitor.visitElement(AbstractDiagnosticCollectorVisitor.kt:49)
	at org.jetbrains.kotlin.fir.analysis.collectors.AbstractDiagnosticCollectorVisitor.visitElement(AbstractDiagnosticCollectorVisitor.kt:30)
	at org.jetbrains.kotlin.fir.visitors.FirVisitor.visitWhenExpression(FirVisitor.kt:459)
	at org.jetbrains.kotlin.fir.expressions.FirWhenExpression.accept(FirWhenExpression.kt:34)
	at org.jetbrains.kotlin.fir.expressions.impl.FirBlockImpl.acceptChildren(FirBlockImpl.kt:37)
	at org.jetbrains.kotlin.fir.analysis.collectors.AbstractDiagnosticCollectorVisitor.visitNestedElements(AbstractDiagnosticCollectorVisitor.kt:38)
	at org.jetbrains.kotlin.fir.analysis.collectors.AbstractDiagnosticCollectorVisitor.visitAnnotationContainer(AbstractDiagnosticCollectorVisitor.kt:61)
	at org.jetbrains.kotlin.fir.analysis.collectors.AbstractDiagnosticCollectorVisitor.visitAnnotationContainer(AbstractDiagnosticCollectorVisitor.kt:30)
	at org.jetbrains.kotlin.fir.visitors.FirDefaultVisitor.visitStatement(FirDefaultVisitor.kt:30)
	at org.jetbrains.kotlin.fir.visitors.FirDefaultVisitor.visitExpression(FirDefaultVisitor.kt:33)
	at org.jetbrains.kotlin.fir.analysis.collectors.AbstractDiagnosticCollectorVisitor.visitBlock(AbstractDiagnosticCollectorVisitor.kt:197)
	at org.jetbrains.kotlin.fir.analysis.collectors.AbstractDiagnosticCollectorVisitor.visitBlock(AbstractDiagnosticCollectorVisitor.kt:30)
	at org.jetbrains.kotlin.fir.expressions.FirBlock.accept(FirBlock.kt:29)
	at org.jetbrains.kotlin.fir.declarations.impl.FirAnonymousFunctionImpl.acceptChildren(FirAnonymousFunctionImpl.kt:76)
	at org.jetbrains.kotlin.fir.analysis.collectors.AbstractDiagnosticCollectorVisitor.visitNestedElements(AbstractDiagnosticCollectorVisitor.kt:38)
	at org.jetbrains.kotlin.fir.analysis.collectors.AbstractDiagnosticCollectorVisitor.visitAnonymousFunction(AbstractDiagnosticCollectorVisitor.kt:885)
	at org.jetbrains.kotlin.fir.analysis.collectors.AbstractDiagnosticCollectorVisitor.visitAnonymousFunctionExpression(AbstractDiagnosticCollectorVisitor.kt:121)
	at org.jetbrains.kotlin.fir.analysis.collectors.AbstractDiagnosticCollectorVisitor.visitAnonymousFunctionExpression(AbstractDiagnosticCollectorVisitor.kt:30)
	at org.jetbrains.kotlin.fir.expressions.FirAnonymousFunctionExpression.accept(FirAnonymousFunctionExpression.kt:30)
	at org.jetbrains.kotlin.fir.expressions.impl.FirResolvedArgumentList.acceptChildren(FirResolvedArgumentList.kt:35)
	at org.jetbrains.kotlin.fir.analysis.collectors.AbstractDiagnosticCollectorVisitor.visitNestedElements(AbstractDiagnosticCollectorVisitor.kt:38)
	at org.jetbrains.kotlin.fir.analysis.collectors.AbstractDiagnosticCollectorVisitor.visitElement(AbstractDiagnosticCollectorVisitor.kt:53)
	at org.jetbrains.kotlin.fir.analysis.collectors.AbstractDiagnosticCollectorVisitor.visitElement(AbstractDiagnosticCollectorVisitor.kt:30)
	at org.jetbrains.kotlin.fir.visitors.FirVisitor.visitArgumentList(FirVisitor.kt:78)
	at org.jetbrains.kotlin.fir.expressions.FirArgumentList.accept(FirArgumentList.kt:25)
	at org.jetbrains.kotlin.fir.expressions.impl.FirFunctionCallImpl.acceptChildren(FirFunctionCallImpl.kt:55)
	at org.jetbrains.kotlin.fir.analysis.collectors.AbstractDiagnosticCollectorVisitor.visitNestedElements(AbstractDiagnosticCollectorVisitor.kt:38)
	at org.jetbrains.kotlin.fir.analysis.collectors.AbstractDiagnosticCollectorVisitor.visitElement(AbstractDiagnosticCollectorVisitor.kt:49)
	at org.jetbrains.kotlin.fir.analysis.collectors.AbstractDiagnosticCollectorVisitor.visitWithCallOrAssignment(AbstractDiagnosticCollectorVisitor.kt:332)
	at org.jetbrains.kotlin.fir.analysis.collectors.AbstractDiagnosticCollectorVisitor.visitFunctionCall(AbstractDiagnosticCollectorVisitor.kt:245)
	at org.jetbrains.kotlin.fir.analysis.collectors.AbstractDiagnosticCollectorVisitor.visitFunctionCall(AbstractDiagnosticCollectorVisitor.kt:30)
	at org.jetbrains.kotlin.fir.expressions.FirFunctionCall.accept(FirFunctionCall.kt:41)
	at org.jetbrains.kotlin.fir.expressions.impl.FirBlockImpl.acceptChildren(FirBlockImpl.kt:37)
	at org.jetbrains.kotlin.fir.analysis.collectors.AbstractDiagnosticCollectorVisitor.visitNestedElements(AbstractDiagnosticCollectorVisitor.kt:38)
	at org.jetbrains.kotlin.fir.analysis.collectors.AbstractDiagnosticCollectorVisitor.visitAnnotationContainer(AbstractDiagnosticCollectorVisitor.kt:61)
	at org.jetbrains.kotlin.fir.analysis.collectors.AbstractDiagnosticCollectorVisitor.visitAnnotationContainer(AbstractDiagnosticCollectorVisitor.kt:30)
	at org.jetbrains.kotlin.fir.visitors.FirDefaultVisitor.visitStatement(FirDefaultVisitor.kt:30)
	at org.jetbrains.kotlin.fir.visitors.FirDefaultVisitor.visitExpression(FirDefaultVisitor.kt:33)
	at org.jetbrains.kotlin.fir.analysis.collectors.AbstractDiagnosticCollectorVisitor.visitBlock(AbstractDiagnosticCollectorVisitor.kt:197)
	at org.jetbrains.kotlin.fir.analysis.collectors.AbstractDiagnosticCollectorVisitor.visitBlock(AbstractDiagnosticCollectorVisitor.kt:30)
	at org.jetbrains.kotlin.fir.expressions.FirBlock.accept(FirBlock.kt:29)
	at org.jetbrains.kotlin.fir.declarations.impl.FirSimpleFunctionImpl.acceptChildren(FirSimpleFunctionImpl.kt:68)
	at org.jetbrains.kotlin.fir.analysis.collectors.AbstractDiagnosticCollectorVisitor.visitNestedElements(AbstractDiagnosticCollectorVisitor.kt:38)
	at org.jetbrains.kotlin.fir.analysis.collectors.AbstractDiagnosticCollectorVisitor.visitSimpleFunction(AbstractDiagnosticCollectorVisitor.kt:775)
	at org.jetbrains.kotlin.fir.analysis.collectors.AbstractDiagnosticCollectorVisitor.visitSimpleFunction(AbstractDiagnosticCollectorVisitor.kt:30)
	at org.jetbrains.kotlin.fir.declarations.FirSimpleFunction.accept(FirSimpleFunction.kt:51)
	at org.jetbrains.kotlin.fir.declarations.impl.FirRegularClassImpl.acceptChildren(FirRegularClassImpl.kt:64)
	at org.jetbrains.kotlin.fir.analysis.collectors.AbstractDiagnosticCollectorVisitor.visitNestedElements(AbstractDiagnosticCollectorVisitor.kt:38)
	at org.jetbrains.kotlin.fir.analysis.collectors.AbstractDiagnosticCollectorVisitor.visitRegularClass(AbstractDiagnosticCollectorVisitor.kt:618)
	at org.jetbrains.kotlin.fir.analysis.collectors.AbstractDiagnosticCollectorVisitor.visitRegularClass(AbstractDiagnosticCollectorVisitor.kt:30)
	at org.jetbrains.kotlin.fir.declarations.FirRegularClass.accept(FirRegularClass.kt:49)
	at org.jetbrains.kotlin.fir.declarations.impl.FirFileImpl.acceptChildren(FirFileImpl.kt:58)
	at org.jetbrains.kotlin.fir.analysis.collectors.AbstractDiagnosticCollectorVisitor.visitNestedElements(AbstractDiagnosticCollectorVisitor.kt:38)
	at org.jetbrains.kotlin.fir.analysis.collectors.AbstractDiagnosticCollectorVisitor.visitFile(AbstractDiagnosticCollectorVisitor.kt:1293)
	at org.jetbrains.kotlin.fir.analysis.collectors.AbstractDiagnosticCollectorVisitor.visitFile(AbstractDiagnosticCollectorVisitor.kt:30)
	at org.jetbrains.kotlin.fir.declarations.FirFile.accept(FirFile.kt:43)
	at org.jetbrains.kotlin.fir.analysis.collectors.AbstractDiagnosticCollector.collectDiagnostics(AbstractDiagnosticCollector.kt:36)
	at org.jetbrains.kotlin.fir.pipeline.AnalyseKt.runCheckers(analyse.kt:37)
	... 39 more
Caused by: java.lang.ArrayIndexOutOfBoundsException: Index 0 out of bounds for length 0
	at org.jetbrains.kotlin.fir.types.TypeUtilsKt.hasSubtypesAboveNothingAccordingToK1(TypeUtils.kt:770)
	at org.jetbrains.kotlin.fir.types.TypeUtilsKt.canHaveSubtypesAccordingToK1(TypeUtils.kt:753)
	at org.jetbrains.kotlin.fir.analysis.checkers.FirTypeCompatibilityHelpersKt.toTypeInfo(FirTypeCompatibilityHelpers.kt:74)
	at org.jetbrains.kotlin.fir.analysis.checkers.ArgumentInfo.getSmartCastTypeInfo(FirTypeCompatibilityHelpers.kt:94)
	at org.jetbrains.kotlin.fir.analysis.checkers.expression.FirCastOperatorsChecker.check(FirCastOperatorsChecker.kt:44)
	at org.jetbrains.kotlin.fir.analysis.checkers.expression.FirCastOperatorsChecker.check(FirCastOperatorsChecker.kt:19)
	at org.jetbrains.kotlin.fir.analysis.checkers.expression.ExpressionCheckersDiagnosticComponent.visitTypeOperatorCall(ExpressionCheckersDiagnosticComponent.kt:827)
	... 133 more


